<?xml version="1.0" encoding="UTF-8"?>
<TestRun id="07f60893-d157-4149-92f8-d7ca44f146cf" name="César@CESAR 2013-11-26 03:04:21" runUser="CESAR\César" xmlns="http://microsoft.com/schemas/VisualStudio/TeamTest/2010">
  <TestSettings name="Default Test Settings" id="ea2433b9-56f4-4091-a818-d424d8a2a8c9">
    <Deployment runDeploymentRoot="César_CESAR 2013-11-26 03_04_21">
      <DeploymentItem filename="D:\GoogleCode\SGI 1.0\Aplicacion\Source\Business Layer\GestionInmobiliaria.BusinessEntity\bin\Debug\GestionInmobiliaria.BusinessEntity.dll" />
    </Deployment>
    <Execution>
      <TestTypeSpecific />
      <AgentRule name="Execution Agents">
      </AgentRule>
    </Execution>
  </TestSettings>
  <Times creation="2013-11-26T03:04:21.3379769-05:00" queuing="2013-11-26T03:04:24.6017134-05:00" start="2013-11-26T03:04:24.8218980-05:00" finish="2013-11-26T03:04:51.1890068-05:00" />
  <ResultSummary outcome="Error">
    <Counters total="5" executed="3" passed="2" error="0" failed="0" timeout="0" aborted="1" inconclusive="0" passedButRunAborted="0" notRunnable="0" notExecuted="2" disconnected="0" warning="0" completed="0" inProgress="0" pending="0" />
    <RunInfos>
      <RunInfo computerName="CESAR" outcome="Error" timestamp="2013-11-26T03:04:51.1880055-05:00">
        <Text>Test host process exited unexpectedly.</Text>
      </RunInfo>
    </RunInfos>
  </ResultSummary>
  <TestDefinitions>
    <UnitTest name="ListarTest" storage="d:\googlecode\sgi 1.0\aplicacion\source\tests\gestioninmobiliaria.restservices.tests\bin\debug\gestioninmobiliaria.restservices.tests.dll" id="a88f4359-31e9-44b9-4105-93cc20451916">
      <Execution id="9941bbd7-ad0c-463a-bf01-3de11f5e6c2f" />
      <TestMethod codeBase="D:/GoogleCode/SGI 1.0/Aplicacion/Source/Tests/GestionInmobiliaria.RESTServices.Tests/bin/Debug/GestionInmobiliaria.RESTServices.Tests.DLL" adapterTypeName="Microsoft.VisualStudio.TestTools.TestTypes.Unit.UnitTestAdapter, Microsoft.VisualStudio.QualityTools.Tips.UnitTest.Adapter, Version=10.0.0.0, Culture=neutral, PublicKeyToken=b03f5f7f11d50a3a" className="GestionInmobiliaria.RESTServices.Tests.UnidadInmobiliariasTest, GestionInmobiliaria.RESTServices.Tests, Version=1.0.0.0, Culture=neutral, PublicKeyToken=null" name="ListarTest" />
    </UnitTest>
    <UnitTest name="ObtenerTest" storage="d:\googlecode\sgi 1.0\aplicacion\source\tests\gestioninmobiliaria.restservices.tests\bin\debug\gestioninmobiliaria.restservices.tests.dll" id="076a1b20-13dd-1816-35c3-4c89a31b7647">
      <Execution id="a41f3ae2-c9e9-4044-9972-5601b5ebe9ff" />
      <TestMethod codeBase="D:/GoogleCode/SGI 1.0/Aplicacion/Source/Tests/GestionInmobiliaria.RESTServices.Tests/bin/Debug/GestionInmobiliaria.RESTServices.Tests.DLL" adapterTypeName="Microsoft.VisualStudio.TestTools.TestTypes.Unit.UnitTestAdapter, Microsoft.VisualStudio.QualityTools.Tips.UnitTest.Adapter, Version=10.0.0.0, Culture=neutral, PublicKeyToken=b03f5f7f11d50a3a" className="GestionInmobiliaria.RESTServices.Tests.UnidadInmobiliariasTest, GestionInmobiliaria.RESTServices.Tests, Version=1.0.0.0, Culture=neutral, PublicKeyToken=null" name="ObtenerTest" />
    </UnitTest>
    <UnitTest name="EliminarTest" storage="d:\googlecode\sgi 1.0\aplicacion\source\tests\gestioninmobiliaria.restservices.tests\bin\debug\gestioninmobiliaria.restservices.tests.dll" id="f9337281-e2fa-1488-2cd7-4d0b79147013">
      <Execution id="b54c94e1-81b3-4053-8156-0e53d145dcf1" />
      <TestMethod codeBase="D:/GoogleCode/SGI 1.0/Aplicacion/Source/Tests/GestionInmobiliaria.RESTServices.Tests/bin/Debug/GestionInmobiliaria.RESTServices.Tests.DLL" adapterTypeName="Microsoft.VisualStudio.TestTools.TestTypes.Unit.UnitTestAdapter, Microsoft.VisualStudio.QualityTools.Tips.UnitTest.Adapter, Version=10.0.0.0, Culture=neutral, PublicKeyToken=b03f5f7f11d50a3a" className="GestionInmobiliaria.RESTServices.Tests.UnidadInmobiliariasTest, GestionInmobiliaria.RESTServices.Tests, Version=1.0.0.0, Culture=neutral, PublicKeyToken=null" name="EliminarTest" />
    </UnitTest>
    <UnitTest name="AgregarTest" storage="d:\googlecode\sgi 1.0\aplicacion\source\tests\gestioninmobiliaria.restservices.tests\bin\debug\gestioninmobiliaria.restservices.tests.dll" id="07554af4-2bee-cf61-7070-6a1acb6b8f4d">
      <Execution id="58794197-60a4-4c23-aea2-98b28a1989f2" />
      <TestMethod codeBase="D:/GoogleCode/SGI 1.0/Aplicacion/Source/Tests/GestionInmobiliaria.RESTServices.Tests/bin/Debug/GestionInmobiliaria.RESTServices.Tests.DLL" adapterTypeName="Microsoft.VisualStudio.TestTools.TestTypes.Unit.UnitTestAdapter, Microsoft.VisualStudio.QualityTools.Tips.UnitTest.Adapter, Version=10.0.0.0, Culture=neutral, PublicKeyToken=b03f5f7f11d50a3a" className="GestionInmobiliaria.RESTServices.Tests.UnidadInmobiliariasTest, GestionInmobiliaria.RESTServices.Tests, Version=1.0.0.0, Culture=neutral, PublicKeyToken=null" name="AgregarTest" />
    </UnitTest>
    <UnitTest name="ModificarTest" storage="d:\googlecode\sgi 1.0\aplicacion\source\tests\gestioninmobiliaria.restservices.tests\bin\debug\gestioninmobiliaria.restservices.tests.dll" id="05db7b65-e27e-f630-133f-eae1a4597814">
      <Execution id="8385ba4a-4e3b-4115-8d11-22905dc8940a" />
      <TestMethod codeBase="D:/GoogleCode/SGI 1.0/Aplicacion/Source/Tests/GestionInmobiliaria.RESTServices.Tests/bin/Debug/GestionInmobiliaria.RESTServices.Tests.DLL" adapterTypeName="Microsoft.VisualStudio.TestTools.TestTypes.Unit.UnitTestAdapter, Microsoft.VisualStudio.QualityTools.Tips.UnitTest.Adapter, Version=10.0.0.0, Culture=neutral, PublicKeyToken=b03f5f7f11d50a3a" className="GestionInmobiliaria.RESTServices.Tests.UnidadInmobiliariasTest, GestionInmobiliaria.RESTServices.Tests, Version=1.0.0.0, Culture=neutral, PublicKeyToken=null" name="ModificarTest" />
    </UnitTest>
  </TestDefinitions>
  <TestLists>
    <TestList name="Results Not in a List" id="8c84fa94-04c1-424b-9868-57a2d4851a1d" />
    <TestList name="All Loaded Results" id="19431567-8539-422a-85d7-44ee4e166bda" />
  </TestLists>
  <TestEntries>
    <TestEntry testId="a88f4359-31e9-44b9-4105-93cc20451916" executionId="9941bbd7-ad0c-463a-bf01-3de11f5e6c2f" testListId="8c84fa94-04c1-424b-9868-57a2d4851a1d" />
    <TestEntry testId="076a1b20-13dd-1816-35c3-4c89a31b7647" executionId="a41f3ae2-c9e9-4044-9972-5601b5ebe9ff" testListId="8c84fa94-04c1-424b-9868-57a2d4851a1d" />
    <TestEntry testId="07554af4-2bee-cf61-7070-6a1acb6b8f4d" executionId="58794197-60a4-4c23-aea2-98b28a1989f2" testListId="8c84fa94-04c1-424b-9868-57a2d4851a1d" />
    <TestEntry testId="05db7b65-e27e-f630-133f-eae1a4597814" executionId="8385ba4a-4e3b-4115-8d11-22905dc8940a" testListId="8c84fa94-04c1-424b-9868-57a2d4851a1d" />
    <TestEntry testId="f9337281-e2fa-1488-2cd7-4d0b79147013" executionId="b54c94e1-81b3-4053-8156-0e53d145dcf1" testListId="8c84fa94-04c1-424b-9868-57a2d4851a1d" />
  </TestEntries>
  <Results>
    <UnitTestResult executionId="9941bbd7-ad0c-463a-bf01-3de11f5e6c2f" testId="a88f4359-31e9-44b9-4105-93cc20451916" testName="ListarTest" computerName="CESAR" duration="00:00:00.0154518" startTime="2013-11-26T03:04:25.0380812-05:00" endTime="2013-11-26T03:04:26.1249906-05:00" testType="13cdc9d9-ddb5-4fa4-a97d-d965ccfc6d4b" outcome="Passed" testListId="8c84fa94-04c1-424b-9868-57a2d4851a1d" relativeResultsDirectory="9941bbd7-ad0c-463a-bf01-3de11f5e6c2f">
    </UnitTestResult>
    <UnitTestResult executionId="a41f3ae2-c9e9-4044-9972-5601b5ebe9ff" testId="076a1b20-13dd-1816-35c3-4c89a31b7647" testName="ObtenerTest" computerName="CESAR" duration="00:00:00.2240104" startTime="2013-11-26T03:04:26.1319975-05:00" endTime="2013-11-26T03:04:26.3631903-05:00" testType="13cdc9d9-ddb5-4fa4-a97d-d965ccfc6d4b" outcome="Passed" testListId="8c84fa94-04c1-424b-9868-57a2d4851a1d" relativeResultsDirectory="a41f3ae2-c9e9-4044-9972-5601b5ebe9ff">
    </UnitTestResult>
    <UnitTestResult executionId="58794197-60a4-4c23-aea2-98b28a1989f2" testId="07554af4-2bee-cf61-7070-6a1acb6b8f4d" testName="AgregarTest" computerName="CESAR" duration="00:00:24.7697690" startTime="2013-11-26T03:04:26.4192378-05:00" endTime="2013-11-26T03:04:51.1890068-05:00" testType="13cdc9d9-ddb5-4fa4-a97d-d965ccfc6d4b" outcome="Aborted" testListId="8c84fa94-04c1-424b-9868-57a2d4851a1d" relativeResultsDirectory="58794197-60a4-4c23-aea2-98b28a1989f2">
    </UnitTestResult>
    <UnitTestResult executionId="8385ba4a-4e3b-4115-8d11-22905dc8940a" testId="05db7b65-e27e-f630-133f-eae1a4597814" testName="ModificarTest" computerName="CESAR" testType="13cdc9d9-ddb5-4fa4-a97d-d965ccfc6d4b" outcome="NotExecuted" testListId="8c84fa94-04c1-424b-9868-57a2d4851a1d" relativeResultsDirectory="8385ba4a-4e3b-4115-8d11-22905dc8940a">
    </UnitTestResult>
    <UnitTestResult executionId="b54c94e1-81b3-4053-8156-0e53d145dcf1" testId="f9337281-e2fa-1488-2cd7-4d0b79147013" testName="EliminarTest" computerName="CESAR" testType="13cdc9d9-ddb5-4fa4-a97d-d965ccfc6d4b" outcome="NotExecuted" testListId="8c84fa94-04c1-424b-9868-57a2d4851a1d" relativeResultsDirectory="b54c94e1-81b3-4053-8156-0e53d145dcf1">
    </UnitTestResult>
  </Results>
</TestRun>