<?xml version="1.0" encoding="UTF-8"?>
<TestRun id="8f1e2784-edb0-43eb-9659-11bbea64a8b8" name="César@CESAR 2013-12-07 10:40:41" runUser="CESAR\César" xmlns="http://microsoft.com/schemas/VisualStudio/TeamTest/2010">
  <TestSettings name="Default Test Settings" id="28e39a4c-8b8f-4f31-b9b2-d4b08073b809">
    <Execution>
      <TestTypeSpecific />
      <AgentRule name="Execution Agents">
      </AgentRule>
    </Execution>
    <Deployment runDeploymentRoot="César_CESAR 2013-12-07 10_40_41" />
  </TestSettings>
  <Times creation="2013-12-07T10:40:41.9851512-05:00" queuing="2013-12-07T10:40:42.3034182-05:00" start="2013-12-07T10:40:42.3094232-05:00" finish="2013-12-07T10:40:42.7027548-05:00" />
  <ResultSummary outcome="Completed">
    <Counters total="1" executed="1" passed="1" error="0" failed="0" timeout="0" aborted="0" inconclusive="0" passedButRunAborted="0" notRunnable="0" notExecuted="0" disconnected="0" warning="0" completed="0" inProgress="0" pending="0" />
  </ResultSummary>
  <TestDefinitions>
    <UnitTest name="ListarProformas" storage="d:\googlecode\sgi 1.0\aplicacion\source\tests\gestioninmobiliaria.soapservices.tests\bin\debug\gestioninmobiliaria.soapservices.tests.dll" id="a08eee19-9118-c582-4a77-dd4189768657">
      <Execution id="043ee0e4-bb7b-42cb-8b66-ab1afab549b8" />
      <TestMethod codeBase="D:/GoogleCode/SGI 1.0/Aplicacion/Source/Tests/GestionInmobiliaria.SOAPServices.Tests/bin/Debug/GestionInmobiliaria.SOAPServices.Tests.DLL" adapterTypeName="Microsoft.VisualStudio.TestTools.TestTypes.Unit.UnitTestAdapter, Microsoft.VisualStudio.QualityTools.Tips.UnitTest.Adapter, Version=10.0.0.0, Culture=neutral, PublicKeyToken=b03f5f7f11d50a3a" className="GestionInmobiliaria.SOAPServices.Tests.ProformaTest, GestionInmobiliaria.SOAPServices.Tests, Version=1.0.0.0, Culture=neutral, PublicKeyToken=null" name="ListarProformas" />
    </UnitTest>
  </TestDefinitions>
  <TestLists>
    <TestList name="Results Not in a List" id="8c84fa94-04c1-424b-9868-57a2d4851a1d" />
    <TestList name="All Loaded Results" id="19431567-8539-422a-85d7-44ee4e166bda" />
  </TestLists>
  <TestEntries>
    <TestEntry testId="a08eee19-9118-c582-4a77-dd4189768657" executionId="043ee0e4-bb7b-42cb-8b66-ab1afab549b8" testListId="8c84fa94-04c1-424b-9868-57a2d4851a1d" />
  </TestEntries>
  <Results>
    <UnitTestResult executionId="043ee0e4-bb7b-42cb-8b66-ab1afab549b8" testId="a08eee19-9118-c582-4a77-dd4189768657" testName="ListarProformas" computerName="CESAR" duration="00:00:00.0768536" startTime="2013-12-07T10:40:42.3134266-05:00" endTime="2013-12-07T10:40:42.6186836-05:00" testType="13cdc9d9-ddb5-4fa4-a97d-d965ccfc6d4b" outcome="Passed" testListId="8c84fa94-04c1-424b-9868-57a2d4851a1d" relativeResultsDirectory="043ee0e4-bb7b-42cb-8b66-ab1afab549b8">
    </UnitTestResult>
  </Results>
</TestRun>