<?xml version="1.0" encoding="UTF-8"?>
<TestRun id="092685ff-f1ff-4d8c-b05a-febf95ea2faf" name="César@CESAR 2013-11-26 16:35:26" runUser="CESAR\César" xmlns="http://microsoft.com/schemas/VisualStudio/TeamTest/2010">
  <TestSettings name="Default Test Settings" id="227abec6-1e01-490e-88a7-0d3a35d3f47e">
    <Deployment runDeploymentRoot="César_CESAR 2013-11-26 16_35_26">
      <DeploymentItem filename="D:\GoogleCode\SGI 1.0\Aplicacion\Source\Business Layer\GestionInmobiliaria.BusinessEntity\bin\Debug\GestionInmobiliaria.BusinessEntity.dll" />
    </Deployment>
    <Execution>
      <TestTypeSpecific />
      <AgentRule name="Execution Agents">
      </AgentRule>
    </Execution>
  </TestSettings>
  <Times creation="2013-11-26T16:35:26.7541376-05:00" queuing="2013-11-26T16:35:30.0348653-05:00" start="2013-11-26T16:35:30.0478762-05:00" finish="2013-11-26T16:35:30.7194397-05:00" />
  <ResultSummary outcome="Failed">
    <Counters total="1" executed="1" error="0" failed="1" timeout="0" aborted="0" inconclusive="0" passedButRunAborted="0" notRunnable="0" notExecuted="0" disconnected="0" warning="0" passed="0" completed="0" inProgress="0" pending="0" />
  </ResultSummary>
  <TestDefinitions>
    <UnitTest name="ListarTest" storage="d:\googlecode\sgi 1.0\aplicacion\source\tests\gestioninmobiliaria.restservices.tests\bin\debug\gestioninmobiliaria.restservices.tests.dll" id="a88f4359-31e9-44b9-4105-93cc20451916">
      <Execution id="2df8b10c-6454-4e68-83b3-8af5d78d2519" />
      <TestMethod codeBase="D:/GoogleCode/SGI 1.0/Aplicacion/Source/Tests/GestionInmobiliaria.RESTServices.Tests/bin/Debug/GestionInmobiliaria.RESTServices.Tests.DLL" adapterTypeName="Microsoft.VisualStudio.TestTools.TestTypes.Unit.UnitTestAdapter, Microsoft.VisualStudio.QualityTools.Tips.UnitTest.Adapter, Version=10.0.0.0, Culture=neutral, PublicKeyToken=b03f5f7f11d50a3a" className="GestionInmobiliaria.RESTServices.Tests.UnidadInmobiliariasTest, GestionInmobiliaria.RESTServices.Tests, Version=1.0.0.0, Culture=neutral, PublicKeyToken=null" name="ListarTest" />
    </UnitTest>
  </TestDefinitions>
  <TestLists>
    <TestList name="Results Not in a List" id="8c84fa94-04c1-424b-9868-57a2d4851a1d" />
    <TestList name="All Loaded Results" id="19431567-8539-422a-85d7-44ee4e166bda" />
  </TestLists>
  <TestEntries>
    <TestEntry testId="a88f4359-31e9-44b9-4105-93cc20451916" executionId="2df8b10c-6454-4e68-83b3-8af5d78d2519" testListId="8c84fa94-04c1-424b-9868-57a2d4851a1d" />
  </TestEntries>
  <Results>
    <UnitTestResult executionId="2df8b10c-6454-4e68-83b3-8af5d78d2519" testId="a88f4359-31e9-44b9-4105-93cc20451916" testName="ListarTest" computerName="CESAR" duration="00:00:00.1949601" startTime="2013-11-26T16:35:30.0558834-05:00" endTime="2013-11-26T16:35:30.6784048-05:00" testType="13cdc9d9-ddb5-4fa4-a97d-d965ccfc6d4b" outcome="Failed" testListId="8c84fa94-04c1-424b-9868-57a2d4851a1d" relativeResultsDirectory="2df8b10c-6454-4e68-83b3-8af5d78d2519">
      <Output>
        <ErrorInfo>
          <Message>Test method GestionInmobiliaria.RESTServices.Tests.UnidadInmobiliariasTest.ListarTest threw exception: 
System.Net.WebException: Error en el servidor remoto: (400) Solicitud incorrecta.</Message>
          <StackTrace>    en System.Net.HttpWebRequest.GetResponse()
   en GestionInmobiliaria.RESTServices.Tests.UnidadInmobiliariasTest.ListarTest() en D:\GoogleCode\SGI 1.0\Aplicacion\Source\Tests\GestionInmobiliaria.RESTServices.Tests\UnidadInmobiliariasTest.cs:línea 23
</StackTrace>
        </ErrorInfo>
      </Output>
    </UnitTestResult>
  </Results>
</TestRun>