<?xml version="1.0" encoding="UTF-8"?>
<TestRun id="4c402f25-9e68-46ee-b8aa-aff34d6e1d9b" name="César@CESAR 2013-11-26 20:43:11" runUser="CESAR\César" xmlns="http://microsoft.com/schemas/VisualStudio/TeamTest/2010">
  <TestSettings name="Default Test Settings" id="10330d95-36b6-45bd-9f14-57ced3e41f0e">
    <Deployment runDeploymentRoot="César_CESAR 2013-11-26 20_43_11">
      <DeploymentItem filename="D:\GoogleCode\SGI 1.0\Aplicacion\Source\Business Layer\GestionInmobiliaria.BusinessEntity\bin\Debug\GestionInmobiliaria.BusinessEntity.dll" />
    </Deployment>
    <Execution>
      <TestTypeSpecific />
      <AgentRule name="Execution Agents">
      </AgentRule>
    </Execution>
  </TestSettings>
  <Times creation="2013-11-26T20:43:11.2706942-05:00" queuing="2013-11-26T20:43:13.4855450-05:00" start="2013-11-26T20:43:13.6997241-05:00" finish="2013-11-26T20:44:53.3022548-05:00" />
  <ResultSummary outcome="Error">
    <Counters total="5" executed="3" passed="2" error="0" failed="0" timeout="0" aborted="1" inconclusive="0" passedButRunAborted="0" notRunnable="0" notExecuted="2" disconnected="0" warning="0" completed="0" inProgress="0" pending="0" />
    <RunInfos>
      <RunInfo computerName="CESAR" outcome="Error" timestamp="2013-11-26T20:44:53.3002382-05:00">
        <Text>Test host process exited unexpectedly.</Text>
      </RunInfo>
    </RunInfos>
  </ResultSummary>
  <TestDefinitions>
    <UnitTest name="ListarTest" storage="d:\googlecode\sgi 1.0\aplicacion\source\tests\gestioninmobiliaria.restservices.tests\bin\debug\gestioninmobiliaria.restservices.tests.dll" id="a88f4359-31e9-44b9-4105-93cc20451916">
      <Execution id="6c2eba6a-1897-47c5-be84-0e79bf25d2dc" />
      <TestMethod codeBase="D:/GoogleCode/SGI 1.0/Aplicacion/Source/Tests/GestionInmobiliaria.RESTServices.Tests/bin/Debug/GestionInmobiliaria.RESTServices.Tests.DLL" adapterTypeName="Microsoft.VisualStudio.TestTools.TestTypes.Unit.UnitTestAdapter, Microsoft.VisualStudio.QualityTools.Tips.UnitTest.Adapter, Version=10.0.0.0, Culture=neutral, PublicKeyToken=b03f5f7f11d50a3a" className="GestionInmobiliaria.RESTServices.Tests.UnidadInmobiliariasTest, GestionInmobiliaria.RESTServices.Tests, Version=1.0.0.0, Culture=neutral, PublicKeyToken=null" name="ListarTest" />
    </UnitTest>
    <UnitTest name="ObtenerTest" storage="d:\googlecode\sgi 1.0\aplicacion\source\tests\gestioninmobiliaria.restservices.tests\bin\debug\gestioninmobiliaria.restservices.tests.dll" id="076a1b20-13dd-1816-35c3-4c89a31b7647">
      <Execution id="b0982c50-5d08-41ab-bf08-ceda29bd57e9" />
      <TestMethod codeBase="D:/GoogleCode/SGI 1.0/Aplicacion/Source/Tests/GestionInmobiliaria.RESTServices.Tests/bin/Debug/GestionInmobiliaria.RESTServices.Tests.DLL" adapterTypeName="Microsoft.VisualStudio.TestTools.TestTypes.Unit.UnitTestAdapter, Microsoft.VisualStudio.QualityTools.Tips.UnitTest.Adapter, Version=10.0.0.0, Culture=neutral, PublicKeyToken=b03f5f7f11d50a3a" className="GestionInmobiliaria.RESTServices.Tests.UnidadInmobiliariasTest, GestionInmobiliaria.RESTServices.Tests, Version=1.0.0.0, Culture=neutral, PublicKeyToken=null" name="ObtenerTest" />
    </UnitTest>
    <UnitTest name="EliminarTest" storage="d:\googlecode\sgi 1.0\aplicacion\source\tests\gestioninmobiliaria.restservices.tests\bin\debug\gestioninmobiliaria.restservices.tests.dll" id="f9337281-e2fa-1488-2cd7-4d0b79147013">
      <Execution id="b91c3e9d-7de7-47fd-9df0-1d4370ca1d5c" />
      <TestMethod codeBase="D:/GoogleCode/SGI 1.0/Aplicacion/Source/Tests/GestionInmobiliaria.RESTServices.Tests/bin/Debug/GestionInmobiliaria.RESTServices.Tests.DLL" adapterTypeName="Microsoft.VisualStudio.TestTools.TestTypes.Unit.UnitTestAdapter, Microsoft.VisualStudio.QualityTools.Tips.UnitTest.Adapter, Version=10.0.0.0, Culture=neutral, PublicKeyToken=b03f5f7f11d50a3a" className="GestionInmobiliaria.RESTServices.Tests.UnidadInmobiliariasTest, GestionInmobiliaria.RESTServices.Tests, Version=1.0.0.0, Culture=neutral, PublicKeyToken=null" name="EliminarTest" />
    </UnitTest>
    <UnitTest name="AgregarTest" storage="d:\googlecode\sgi 1.0\aplicacion\source\tests\gestioninmobiliaria.restservices.tests\bin\debug\gestioninmobiliaria.restservices.tests.dll" id="07554af4-2bee-cf61-7070-6a1acb6b8f4d">
      <Execution id="89c9d767-b605-40a7-8342-ed980ac482bd" />
      <TestMethod codeBase="D:/GoogleCode/SGI 1.0/Aplicacion/Source/Tests/GestionInmobiliaria.RESTServices.Tests/bin/Debug/GestionInmobiliaria.RESTServices.Tests.DLL" adapterTypeName="Microsoft.VisualStudio.TestTools.TestTypes.Unit.UnitTestAdapter, Microsoft.VisualStudio.QualityTools.Tips.UnitTest.Adapter, Version=10.0.0.0, Culture=neutral, PublicKeyToken=b03f5f7f11d50a3a" className="GestionInmobiliaria.RESTServices.Tests.UnidadInmobiliariasTest, GestionInmobiliaria.RESTServices.Tests, Version=1.0.0.0, Culture=neutral, PublicKeyToken=null" name="AgregarTest" />
    </UnitTest>
    <UnitTest name="ModificarTest" storage="d:\googlecode\sgi 1.0\aplicacion\source\tests\gestioninmobiliaria.restservices.tests\bin\debug\gestioninmobiliaria.restservices.tests.dll" id="05db7b65-e27e-f630-133f-eae1a4597814">
      <Execution id="1cefa4f7-cec2-4ba9-8a74-e480ac7358de" />
      <TestMethod codeBase="D:/GoogleCode/SGI 1.0/Aplicacion/Source/Tests/GestionInmobiliaria.RESTServices.Tests/bin/Debug/GestionInmobiliaria.RESTServices.Tests.DLL" adapterTypeName="Microsoft.VisualStudio.TestTools.TestTypes.Unit.UnitTestAdapter, Microsoft.VisualStudio.QualityTools.Tips.UnitTest.Adapter, Version=10.0.0.0, Culture=neutral, PublicKeyToken=b03f5f7f11d50a3a" className="GestionInmobiliaria.RESTServices.Tests.UnidadInmobiliariasTest, GestionInmobiliaria.RESTServices.Tests, Version=1.0.0.0, Culture=neutral, PublicKeyToken=null" name="ModificarTest" />
    </UnitTest>
  </TestDefinitions>
  <TestLists>
    <TestList name="Results Not in a List" id="8c84fa94-04c1-424b-9868-57a2d4851a1d" />
    <TestList name="All Loaded Results" id="19431567-8539-422a-85d7-44ee4e166bda" />
  </TestLists>
  <TestEntries>
    <TestEntry testId="a88f4359-31e9-44b9-4105-93cc20451916" executionId="6c2eba6a-1897-47c5-be84-0e79bf25d2dc" testListId="8c84fa94-04c1-424b-9868-57a2d4851a1d" />
    <TestEntry testId="076a1b20-13dd-1816-35c3-4c89a31b7647" executionId="b0982c50-5d08-41ab-bf08-ceda29bd57e9" testListId="8c84fa94-04c1-424b-9868-57a2d4851a1d" />
    <TestEntry testId="07554af4-2bee-cf61-7070-6a1acb6b8f4d" executionId="89c9d767-b605-40a7-8342-ed980ac482bd" testListId="8c84fa94-04c1-424b-9868-57a2d4851a1d" />
    <TestEntry testId="05db7b65-e27e-f630-133f-eae1a4597814" executionId="1cefa4f7-cec2-4ba9-8a74-e480ac7358de" testListId="8c84fa94-04c1-424b-9868-57a2d4851a1d" />
    <TestEntry testId="f9337281-e2fa-1488-2cd7-4d0b79147013" executionId="b91c3e9d-7de7-47fd-9df0-1d4370ca1d5c" testListId="8c84fa94-04c1-424b-9868-57a2d4851a1d" />
  </TestEntries>
  <Results>
    <UnitTestResult executionId="6c2eba6a-1897-47c5-be84-0e79bf25d2dc" testId="a88f4359-31e9-44b9-4105-93cc20451916" testName="ListarTest" computerName="CESAR" duration="00:00:00.2309094" startTime="2013-11-26T20:43:13.9949731-05:00" endTime="2013-11-26T20:43:15.4062011-05:00" testType="13cdc9d9-ddb5-4fa4-a97d-d965ccfc6d4b" outcome="Passed" testListId="8c84fa94-04c1-424b-9868-57a2d4851a1d" relativeResultsDirectory="6c2eba6a-1897-47c5-be84-0e79bf25d2dc">
    </UnitTestResult>
    <UnitTestResult executionId="b0982c50-5d08-41ab-bf08-ceda29bd57e9" testId="076a1b20-13dd-1816-35c3-4c89a31b7647" testName="ObtenerTest" computerName="CESAR" duration="00:00:00.0050845" startTime="2013-11-26T20:43:15.4161638-05:00" endTime="2013-11-26T20:43:15.4271759-05:00" testType="13cdc9d9-ddb5-4fa4-a97d-d965ccfc6d4b" outcome="Passed" testListId="8c84fa94-04c1-424b-9868-57a2d4851a1d" relativeResultsDirectory="b0982c50-5d08-41ab-bf08-ceda29bd57e9">
    </UnitTestResult>
    <UnitTestResult executionId="89c9d767-b605-40a7-8342-ed980ac482bd" testId="07554af4-2bee-cf61-7070-6a1acb6b8f4d" testName="AgregarTest" computerName="CESAR" duration="00:01:37.8670563" startTime="2013-11-26T20:43:15.4341808-05:00" endTime="2013-11-26T20:44:53.3012371-05:00" testType="13cdc9d9-ddb5-4fa4-a97d-d965ccfc6d4b" outcome="Aborted" testListId="8c84fa94-04c1-424b-9868-57a2d4851a1d" relativeResultsDirectory="89c9d767-b605-40a7-8342-ed980ac482bd">
    </UnitTestResult>
    <UnitTestResult executionId="1cefa4f7-cec2-4ba9-8a74-e480ac7358de" testId="05db7b65-e27e-f630-133f-eae1a4597814" testName="ModificarTest" computerName="CESAR" testType="13cdc9d9-ddb5-4fa4-a97d-d965ccfc6d4b" outcome="NotExecuted" testListId="8c84fa94-04c1-424b-9868-57a2d4851a1d" relativeResultsDirectory="1cefa4f7-cec2-4ba9-8a74-e480ac7358de">
    </UnitTestResult>
    <UnitTestResult executionId="b91c3e9d-7de7-47fd-9df0-1d4370ca1d5c" testId="f9337281-e2fa-1488-2cd7-4d0b79147013" testName="EliminarTest" computerName="CESAR" testType="13cdc9d9-ddb5-4fa4-a97d-d965ccfc6d4b" outcome="NotExecuted" testListId="8c84fa94-04c1-424b-9868-57a2d4851a1d" relativeResultsDirectory="b91c3e9d-7de7-47fd-9df0-1d4370ca1d5c">
    </UnitTestResult>
  </Results>
</TestRun>