<?xml version="1.0" encoding="UTF-8"?>
<TestRun id="4b095603-f4fe-459c-8e40-327dd6ad7a4c" name="César@CESAR 2013-11-26 03:05:31" runUser="CESAR\César" xmlns="http://microsoft.com/schemas/VisualStudio/TeamTest/2010">
  <TestSettings name="Default Test Settings" id="a763d361-f9fa-4860-a4cf-9bf13dedeb02">
    <Deployment runDeploymentRoot="César_CESAR 2013-11-26 03_05_31">
      <DeploymentItem filename="D:\GoogleCode\SGI 1.0\Aplicacion\Source\Business Layer\GestionInmobiliaria.BusinessEntity\bin\Debug\GestionInmobiliaria.BusinessEntity.dll" />
    </Deployment>
    <Execution>
      <TestTypeSpecific />
      <AgentRule name="Execution Agents">
      </AgentRule>
    </Execution>
  </TestSettings>
  <Times creation="2013-11-26T03:05:31.0634655-05:00" queuing="2013-11-26T03:05:34.2461076-05:00" start="2013-11-26T03:05:34.4412736-05:00" finish="2013-11-26T03:06:09.1854028-05:00" />
  <ResultSummary outcome="Error">
    <Counters total="5" executed="3" passed="2" error="0" failed="0" timeout="0" aborted="1" inconclusive="0" passedButRunAborted="0" notRunnable="0" notExecuted="2" disconnected="0" warning="0" completed="0" inProgress="0" pending="0" />
    <RunInfos>
      <RunInfo computerName="CESAR" outcome="Error" timestamp="2013-11-26T03:06:09.1844015-05:00">
        <Text>Test host process exited unexpectedly.</Text>
      </RunInfo>
    </RunInfos>
  </ResultSummary>
  <TestDefinitions>
    <UnitTest name="ListarTest" storage="d:\googlecode\sgi 1.0\aplicacion\source\tests\gestioninmobiliaria.restservices.tests\bin\debug\gestioninmobiliaria.restservices.tests.dll" id="a88f4359-31e9-44b9-4105-93cc20451916">
      <Execution id="8079577b-7663-4998-af97-d47b300b337b" />
      <TestMethod codeBase="D:/GoogleCode/SGI 1.0/Aplicacion/Source/Tests/GestionInmobiliaria.RESTServices.Tests/bin/Debug/GestionInmobiliaria.RESTServices.Tests.DLL" adapterTypeName="Microsoft.VisualStudio.TestTools.TestTypes.Unit.UnitTestAdapter, Microsoft.VisualStudio.QualityTools.Tips.UnitTest.Adapter, Version=10.0.0.0, Culture=neutral, PublicKeyToken=b03f5f7f11d50a3a" className="GestionInmobiliaria.RESTServices.Tests.UnidadInmobiliariasTest, GestionInmobiliaria.RESTServices.Tests, Version=1.0.0.0, Culture=neutral, PublicKeyToken=null" name="ListarTest" />
    </UnitTest>
    <UnitTest name="ObtenerTest" storage="d:\googlecode\sgi 1.0\aplicacion\source\tests\gestioninmobiliaria.restservices.tests\bin\debug\gestioninmobiliaria.restservices.tests.dll" id="076a1b20-13dd-1816-35c3-4c89a31b7647">
      <Execution id="e21ccb64-0a06-457a-83b8-051a079e81cb" />
      <TestMethod codeBase="D:/GoogleCode/SGI 1.0/Aplicacion/Source/Tests/GestionInmobiliaria.RESTServices.Tests/bin/Debug/GestionInmobiliaria.RESTServices.Tests.DLL" adapterTypeName="Microsoft.VisualStudio.TestTools.TestTypes.Unit.UnitTestAdapter, Microsoft.VisualStudio.QualityTools.Tips.UnitTest.Adapter, Version=10.0.0.0, Culture=neutral, PublicKeyToken=b03f5f7f11d50a3a" className="GestionInmobiliaria.RESTServices.Tests.UnidadInmobiliariasTest, GestionInmobiliaria.RESTServices.Tests, Version=1.0.0.0, Culture=neutral, PublicKeyToken=null" name="ObtenerTest" />
    </UnitTest>
    <UnitTest name="EliminarTest" storage="d:\googlecode\sgi 1.0\aplicacion\source\tests\gestioninmobiliaria.restservices.tests\bin\debug\gestioninmobiliaria.restservices.tests.dll" id="f9337281-e2fa-1488-2cd7-4d0b79147013">
      <Execution id="a28a4155-6de5-4ee4-b213-f522cbe748ae" />
      <TestMethod codeBase="D:/GoogleCode/SGI 1.0/Aplicacion/Source/Tests/GestionInmobiliaria.RESTServices.Tests/bin/Debug/GestionInmobiliaria.RESTServices.Tests.DLL" adapterTypeName="Microsoft.VisualStudio.TestTools.TestTypes.Unit.UnitTestAdapter, Microsoft.VisualStudio.QualityTools.Tips.UnitTest.Adapter, Version=10.0.0.0, Culture=neutral, PublicKeyToken=b03f5f7f11d50a3a" className="GestionInmobiliaria.RESTServices.Tests.UnidadInmobiliariasTest, GestionInmobiliaria.RESTServices.Tests, Version=1.0.0.0, Culture=neutral, PublicKeyToken=null" name="EliminarTest" />
    </UnitTest>
    <UnitTest name="AgregarTest" storage="d:\googlecode\sgi 1.0\aplicacion\source\tests\gestioninmobiliaria.restservices.tests\bin\debug\gestioninmobiliaria.restservices.tests.dll" id="07554af4-2bee-cf61-7070-6a1acb6b8f4d">
      <Execution id="326dfd80-8cbf-4fb9-b8d9-5300487755f7" />
      <TestMethod codeBase="D:/GoogleCode/SGI 1.0/Aplicacion/Source/Tests/GestionInmobiliaria.RESTServices.Tests/bin/Debug/GestionInmobiliaria.RESTServices.Tests.DLL" adapterTypeName="Microsoft.VisualStudio.TestTools.TestTypes.Unit.UnitTestAdapter, Microsoft.VisualStudio.QualityTools.Tips.UnitTest.Adapter, Version=10.0.0.0, Culture=neutral, PublicKeyToken=b03f5f7f11d50a3a" className="GestionInmobiliaria.RESTServices.Tests.UnidadInmobiliariasTest, GestionInmobiliaria.RESTServices.Tests, Version=1.0.0.0, Culture=neutral, PublicKeyToken=null" name="AgregarTest" />
    </UnitTest>
    <UnitTest name="ModificarTest" storage="d:\googlecode\sgi 1.0\aplicacion\source\tests\gestioninmobiliaria.restservices.tests\bin\debug\gestioninmobiliaria.restservices.tests.dll" id="05db7b65-e27e-f630-133f-eae1a4597814">
      <Execution id="460222dc-710b-47a1-92bc-fe38f10a3912" />
      <TestMethod codeBase="D:/GoogleCode/SGI 1.0/Aplicacion/Source/Tests/GestionInmobiliaria.RESTServices.Tests/bin/Debug/GestionInmobiliaria.RESTServices.Tests.DLL" adapterTypeName="Microsoft.VisualStudio.TestTools.TestTypes.Unit.UnitTestAdapter, Microsoft.VisualStudio.QualityTools.Tips.UnitTest.Adapter, Version=10.0.0.0, Culture=neutral, PublicKeyToken=b03f5f7f11d50a3a" className="GestionInmobiliaria.RESTServices.Tests.UnidadInmobiliariasTest, GestionInmobiliaria.RESTServices.Tests, Version=1.0.0.0, Culture=neutral, PublicKeyToken=null" name="ModificarTest" />
    </UnitTest>
  </TestDefinitions>
  <TestLists>
    <TestList name="Results Not in a List" id="8c84fa94-04c1-424b-9868-57a2d4851a1d" />
    <TestList name="All Loaded Results" id="19431567-8539-422a-85d7-44ee4e166bda" />
  </TestLists>
  <TestEntries>
    <TestEntry testId="a88f4359-31e9-44b9-4105-93cc20451916" executionId="8079577b-7663-4998-af97-d47b300b337b" testListId="8c84fa94-04c1-424b-9868-57a2d4851a1d" />
    <TestEntry testId="076a1b20-13dd-1816-35c3-4c89a31b7647" executionId="e21ccb64-0a06-457a-83b8-051a079e81cb" testListId="8c84fa94-04c1-424b-9868-57a2d4851a1d" />
    <TestEntry testId="07554af4-2bee-cf61-7070-6a1acb6b8f4d" executionId="326dfd80-8cbf-4fb9-b8d9-5300487755f7" testListId="8c84fa94-04c1-424b-9868-57a2d4851a1d" />
    <TestEntry testId="05db7b65-e27e-f630-133f-eae1a4597814" executionId="460222dc-710b-47a1-92bc-fe38f10a3912" testListId="8c84fa94-04c1-424b-9868-57a2d4851a1d" />
    <TestEntry testId="f9337281-e2fa-1488-2cd7-4d0b79147013" executionId="a28a4155-6de5-4ee4-b213-f522cbe748ae" testListId="8c84fa94-04c1-424b-9868-57a2d4851a1d" />
  </TestEntries>
  <Results>
    <UnitTestResult executionId="8079577b-7663-4998-af97-d47b300b337b" testId="a88f4359-31e9-44b9-4105-93cc20451916" testName="ListarTest" computerName="CESAR" duration="00:00:00.0131220" startTime="2013-11-26T03:05:34.6644583-05:00" endTime="2013-11-26T03:05:35.9175090-05:00" testType="13cdc9d9-ddb5-4fa4-a97d-d965ccfc6d4b" outcome="Passed" testListId="8c84fa94-04c1-424b-9868-57a2d4851a1d" relativeResultsDirectory="8079577b-7663-4998-af97-d47b300b337b">
    </UnitTestResult>
    <UnitTestResult executionId="e21ccb64-0a06-457a-83b8-051a079e81cb" testId="076a1b20-13dd-1816-35c3-4c89a31b7647" testName="ObtenerTest" computerName="CESAR" duration="00:00:00.1869240" startTime="2013-11-26T03:05:35.9265165-05:00" endTime="2013-11-26T03:05:36.1186776-05:00" testType="13cdc9d9-ddb5-4fa4-a97d-d965ccfc6d4b" outcome="Passed" testListId="8c84fa94-04c1-424b-9868-57a2d4851a1d" relativeResultsDirectory="e21ccb64-0a06-457a-83b8-051a079e81cb">
    </UnitTestResult>
    <UnitTestResult executionId="326dfd80-8cbf-4fb9-b8d9-5300487755f7" testId="07554af4-2bee-cf61-7070-6a1acb6b8f4d" testName="AgregarTest" computerName="CESAR" duration="00:00:33.0587161" startTime="2013-11-26T03:05:36.1266867-05:00" endTime="2013-11-26T03:06:09.1854028-05:00" testType="13cdc9d9-ddb5-4fa4-a97d-d965ccfc6d4b" outcome="Aborted" testListId="8c84fa94-04c1-424b-9868-57a2d4851a1d" relativeResultsDirectory="326dfd80-8cbf-4fb9-b8d9-5300487755f7">
    </UnitTestResult>
    <UnitTestResult executionId="460222dc-710b-47a1-92bc-fe38f10a3912" testId="05db7b65-e27e-f630-133f-eae1a4597814" testName="ModificarTest" computerName="CESAR" testType="13cdc9d9-ddb5-4fa4-a97d-d965ccfc6d4b" outcome="NotExecuted" testListId="8c84fa94-04c1-424b-9868-57a2d4851a1d" relativeResultsDirectory="460222dc-710b-47a1-92bc-fe38f10a3912">
    </UnitTestResult>
    <UnitTestResult executionId="a28a4155-6de5-4ee4-b213-f522cbe748ae" testId="f9337281-e2fa-1488-2cd7-4d0b79147013" testName="EliminarTest" computerName="CESAR" testType="13cdc9d9-ddb5-4fa4-a97d-d965ccfc6d4b" outcome="NotExecuted" testListId="8c84fa94-04c1-424b-9868-57a2d4851a1d" relativeResultsDirectory="a28a4155-6de5-4ee4-b213-f522cbe748ae">
    </UnitTestResult>
  </Results>
</TestRun>