<?xml version="1.0" encoding="UTF-8"?>
<TestRun id="88e9d518-cb1e-44d2-9b45-266eecfa9e66" name="César@CESAR 2013-12-07 10:39:20" runUser="CESAR\César" xmlns="http://microsoft.com/schemas/VisualStudio/TeamTest/2010">
  <TestSettings name="Default Test Settings" id="1abcc17a-8b13-4ba7-8cc5-161f2d6a723b">
    <Execution>
      <TestTypeSpecific />
      <AgentRule name="Execution Agents">
      </AgentRule>
    </Execution>
    <Deployment runDeploymentRoot="César_CESAR 2013-12-07 10_39_20" />
  </TestSettings>
  <Times creation="2013-12-07T10:39:20.3754490-05:00" queuing="2013-12-07T10:39:20.5566044-05:00" start="2013-12-07T10:39:20.5646082-05:00" finish="2013-12-07T10:39:20.9989739-05:00" />
  <ResultSummary outcome="Completed">
    <Counters total="1" executed="1" passed="1" error="0" failed="0" timeout="0" aborted="0" inconclusive="0" passedButRunAborted="0" notRunnable="0" notExecuted="0" disconnected="0" warning="0" completed="0" inProgress="0" pending="0" />
  </ResultSummary>
  <TestDefinitions>
    <UnitTest name="CrearProforma" storage="d:\googlecode\sgi 1.0\aplicacion\source\tests\gestioninmobiliaria.soapservices.tests\bin\debug\gestioninmobiliaria.soapservices.tests.dll" id="be85901a-efe1-52a1-135e-419f11cbf5a9">
      <Execution id="614804df-80a8-4553-95fd-900751cc0417" />
      <TestMethod codeBase="D:/GoogleCode/SGI 1.0/Aplicacion/Source/Tests/GestionInmobiliaria.SOAPServices.Tests/bin/Debug/GestionInmobiliaria.SOAPServices.Tests.DLL" adapterTypeName="Microsoft.VisualStudio.TestTools.TestTypes.Unit.UnitTestAdapter, Microsoft.VisualStudio.QualityTools.Tips.UnitTest.Adapter, Version=10.0.0.0, Culture=neutral, PublicKeyToken=b03f5f7f11d50a3a" className="GestionInmobiliaria.SOAPServices.Tests.ProformaTest, GestionInmobiliaria.SOAPServices.Tests, Version=1.0.0.0, Culture=neutral, PublicKeyToken=null" name="CrearProforma" />
    </UnitTest>
  </TestDefinitions>
  <TestLists>
    <TestList name="Results Not in a List" id="8c84fa94-04c1-424b-9868-57a2d4851a1d" />
    <TestList name="All Loaded Results" id="19431567-8539-422a-85d7-44ee4e166bda" />
  </TestLists>
  <TestEntries>
    <TestEntry testId="be85901a-efe1-52a1-135e-419f11cbf5a9" executionId="614804df-80a8-4553-95fd-900751cc0417" testListId="8c84fa94-04c1-424b-9868-57a2d4851a1d" />
  </TestEntries>
  <Results>
    <UnitTestResult executionId="614804df-80a8-4553-95fd-900751cc0417" testId="be85901a-efe1-52a1-135e-419f11cbf5a9" testName="CrearProforma" computerName="CESAR" duration="00:00:00.0959735" startTime="2013-12-07T10:39:20.6626908-05:00" endTime="2013-12-07T10:39:20.9829604-05:00" testType="13cdc9d9-ddb5-4fa4-a97d-d965ccfc6d4b" outcome="Passed" testListId="8c84fa94-04c1-424b-9868-57a2d4851a1d" relativeResultsDirectory="614804df-80a8-4553-95fd-900751cc0417">
    </UnitTestResult>
  </Results>
</TestRun>