<?xml version="1.0" encoding="UTF-8"?>
<TestRun id="484c14b1-30f1-4bc2-a160-6a79e4642211" name="César@CESAR 2013-11-26 21:21:50" runUser="CESAR\César" xmlns="http://microsoft.com/schemas/VisualStudio/TeamTest/2010">
  <TestSettings name="Default Test Settings" id="ddac164c-5320-4e66-826c-9dcd8c467b43">
    <Deployment runDeploymentRoot="César_CESAR 2013-11-26 21_21_50">
      <DeploymentItem filename="D:\GoogleCode\SGI 1.0\Aplicacion\Source\Business Layer\GestionInmobiliaria.BusinessEntity\bin\Debug\GestionInmobiliaria.BusinessEntity.dll" />
    </Deployment>
    <Execution>
      <TestTypeSpecific />
      <AgentRule name="Execution Agents">
      </AgentRule>
    </Execution>
  </TestSettings>
  <Times creation="2013-11-26T21:21:50.9836948-05:00" queuing="2013-11-26T21:21:52.6300584-05:00" start="2013-11-26T21:21:52.8712611-05:00" finish="2013-11-26T21:22:37.4946761-05:00" />
  <ResultSummary outcome="Completed">
    <Counters total="5" executed="5" passed="5" error="0" failed="0" timeout="0" aborted="0" inconclusive="0" passedButRunAborted="0" notRunnable="0" notExecuted="0" disconnected="0" warning="0" completed="0" inProgress="0" pending="0" />
  </ResultSummary>
  <TestDefinitions>
    <UnitTest name="ListarTest" storage="d:\googlecode\sgi 1.0\aplicacion\source\tests\gestioninmobiliaria.restservices.tests\bin\debug\gestioninmobiliaria.restservices.tests.dll" id="a88f4359-31e9-44b9-4105-93cc20451916">
      <Execution id="4f85bda2-6eec-4ed5-95c2-83c3396707e5" />
      <TestMethod codeBase="D:/GoogleCode/SGI 1.0/Aplicacion/Source/Tests/GestionInmobiliaria.RESTServices.Tests/bin/Debug/GestionInmobiliaria.RESTServices.Tests.DLL" adapterTypeName="Microsoft.VisualStudio.TestTools.TestTypes.Unit.UnitTestAdapter, Microsoft.VisualStudio.QualityTools.Tips.UnitTest.Adapter, Version=10.0.0.0, Culture=neutral, PublicKeyToken=b03f5f7f11d50a3a" className="GestionInmobiliaria.RESTServices.Tests.UnidadInmobiliariasTest, GestionInmobiliaria.RESTServices.Tests, Version=1.0.0.0, Culture=neutral, PublicKeyToken=null" name="ListarTest" />
    </UnitTest>
    <UnitTest name="ObtenerTest" storage="d:\googlecode\sgi 1.0\aplicacion\source\tests\gestioninmobiliaria.restservices.tests\bin\debug\gestioninmobiliaria.restservices.tests.dll" id="076a1b20-13dd-1816-35c3-4c89a31b7647">
      <Execution id="1c450ae9-6553-4a2a-bd54-67a2e557bb79" />
      <TestMethod codeBase="D:/GoogleCode/SGI 1.0/Aplicacion/Source/Tests/GestionInmobiliaria.RESTServices.Tests/bin/Debug/GestionInmobiliaria.RESTServices.Tests.DLL" adapterTypeName="Microsoft.VisualStudio.TestTools.TestTypes.Unit.UnitTestAdapter, Microsoft.VisualStudio.QualityTools.Tips.UnitTest.Adapter, Version=10.0.0.0, Culture=neutral, PublicKeyToken=b03f5f7f11d50a3a" className="GestionInmobiliaria.RESTServices.Tests.UnidadInmobiliariasTest, GestionInmobiliaria.RESTServices.Tests, Version=1.0.0.0, Culture=neutral, PublicKeyToken=null" name="ObtenerTest" />
    </UnitTest>
    <UnitTest name="EliminarTest" storage="d:\googlecode\sgi 1.0\aplicacion\source\tests\gestioninmobiliaria.restservices.tests\bin\debug\gestioninmobiliaria.restservices.tests.dll" id="f9337281-e2fa-1488-2cd7-4d0b79147013">
      <Execution id="75c52af0-e8a5-4393-9fb5-f5e228f6bec2" />
      <TestMethod codeBase="D:/GoogleCode/SGI 1.0/Aplicacion/Source/Tests/GestionInmobiliaria.RESTServices.Tests/bin/Debug/GestionInmobiliaria.RESTServices.Tests.DLL" adapterTypeName="Microsoft.VisualStudio.TestTools.TestTypes.Unit.UnitTestAdapter, Microsoft.VisualStudio.QualityTools.Tips.UnitTest.Adapter, Version=10.0.0.0, Culture=neutral, PublicKeyToken=b03f5f7f11d50a3a" className="GestionInmobiliaria.RESTServices.Tests.UnidadInmobiliariasTest, GestionInmobiliaria.RESTServices.Tests, Version=1.0.0.0, Culture=neutral, PublicKeyToken=null" name="EliminarTest" />
    </UnitTest>
    <UnitTest name="AgregarTest" storage="d:\googlecode\sgi 1.0\aplicacion\source\tests\gestioninmobiliaria.restservices.tests\bin\debug\gestioninmobiliaria.restservices.tests.dll" id="07554af4-2bee-cf61-7070-6a1acb6b8f4d">
      <Execution id="7ce9a847-6e93-4ef8-ba6c-800fc0ee1574" />
      <TestMethod codeBase="D:/GoogleCode/SGI 1.0/Aplicacion/Source/Tests/GestionInmobiliaria.RESTServices.Tests/bin/Debug/GestionInmobiliaria.RESTServices.Tests.DLL" adapterTypeName="Microsoft.VisualStudio.TestTools.TestTypes.Unit.UnitTestAdapter, Microsoft.VisualStudio.QualityTools.Tips.UnitTest.Adapter, Version=10.0.0.0, Culture=neutral, PublicKeyToken=b03f5f7f11d50a3a" className="GestionInmobiliaria.RESTServices.Tests.UnidadInmobiliariasTest, GestionInmobiliaria.RESTServices.Tests, Version=1.0.0.0, Culture=neutral, PublicKeyToken=null" name="AgregarTest" />
    </UnitTest>
    <UnitTest name="ModificarTest" storage="d:\googlecode\sgi 1.0\aplicacion\source\tests\gestioninmobiliaria.restservices.tests\bin\debug\gestioninmobiliaria.restservices.tests.dll" id="05db7b65-e27e-f630-133f-eae1a4597814">
      <Execution id="9113398d-dc87-4c97-9685-1e8665c01d13" />
      <TestMethod codeBase="D:/GoogleCode/SGI 1.0/Aplicacion/Source/Tests/GestionInmobiliaria.RESTServices.Tests/bin/Debug/GestionInmobiliaria.RESTServices.Tests.DLL" adapterTypeName="Microsoft.VisualStudio.TestTools.TestTypes.Unit.UnitTestAdapter, Microsoft.VisualStudio.QualityTools.Tips.UnitTest.Adapter, Version=10.0.0.0, Culture=neutral, PublicKeyToken=b03f5f7f11d50a3a" className="GestionInmobiliaria.RESTServices.Tests.UnidadInmobiliariasTest, GestionInmobiliaria.RESTServices.Tests, Version=1.0.0.0, Culture=neutral, PublicKeyToken=null" name="ModificarTest" />
    </UnitTest>
  </TestDefinitions>
  <TestLists>
    <TestList name="Results Not in a List" id="8c84fa94-04c1-424b-9868-57a2d4851a1d" />
    <TestList name="All Loaded Results" id="19431567-8539-422a-85d7-44ee4e166bda" />
  </TestLists>
  <TestEntries>
    <TestEntry testId="a88f4359-31e9-44b9-4105-93cc20451916" executionId="4f85bda2-6eec-4ed5-95c2-83c3396707e5" testListId="8c84fa94-04c1-424b-9868-57a2d4851a1d" />
    <TestEntry testId="076a1b20-13dd-1816-35c3-4c89a31b7647" executionId="1c450ae9-6553-4a2a-bd54-67a2e557bb79" testListId="8c84fa94-04c1-424b-9868-57a2d4851a1d" />
    <TestEntry testId="07554af4-2bee-cf61-7070-6a1acb6b8f4d" executionId="7ce9a847-6e93-4ef8-ba6c-800fc0ee1574" testListId="8c84fa94-04c1-424b-9868-57a2d4851a1d" />
    <TestEntry testId="05db7b65-e27e-f630-133f-eae1a4597814" executionId="9113398d-dc87-4c97-9685-1e8665c01d13" testListId="8c84fa94-04c1-424b-9868-57a2d4851a1d" />
    <TestEntry testId="f9337281-e2fa-1488-2cd7-4d0b79147013" executionId="75c52af0-e8a5-4393-9fb5-f5e228f6bec2" testListId="8c84fa94-04c1-424b-9868-57a2d4851a1d" />
  </TestEntries>
  <Results>
    <UnitTestResult executionId="4f85bda2-6eec-4ed5-95c2-83c3396707e5" testId="a88f4359-31e9-44b9-4105-93cc20451916" testName="ListarTest" computerName="CESAR" duration="00:00:00.3011486" startTime="2013-11-26T21:21:53.0924456-05:00" endTime="2013-11-26T21:21:54.6097640-05:00" testType="13cdc9d9-ddb5-4fa4-a97d-d965ccfc6d4b" outcome="Passed" testListId="8c84fa94-04c1-424b-9868-57a2d4851a1d" relativeResultsDirectory="4f85bda2-6eec-4ed5-95c2-83c3396707e5">
    </UnitTestResult>
    <UnitTestResult executionId="1c450ae9-6553-4a2a-bd54-67a2e557bb79" testId="076a1b20-13dd-1816-35c3-4c89a31b7647" testName="ObtenerTest" computerName="CESAR" duration="00:00:00.0050041" startTime="2013-11-26T21:21:54.6207285-05:00" endTime="2013-11-26T21:21:54.6327405-05:00" testType="13cdc9d9-ddb5-4fa4-a97d-d965ccfc6d4b" outcome="Passed" testListId="8c84fa94-04c1-424b-9868-57a2d4851a1d" relativeResultsDirectory="1c450ae9-6553-4a2a-bd54-67a2e557bb79">
    </UnitTestResult>
    <UnitTestResult executionId="7ce9a847-6e93-4ef8-ba6c-800fc0ee1574" testId="07554af4-2bee-cf61-7070-6a1acb6b8f4d" testName="AgregarTest" computerName="CESAR" duration="00:00:00.0003551" startTime="2013-11-26T21:21:54.7058046-05:00" endTime="2013-11-26T21:21:54.7178763-05:00" testType="13cdc9d9-ddb5-4fa4-a97d-d965ccfc6d4b" outcome="Passed" testListId="8c84fa94-04c1-424b-9868-57a2d4851a1d" relativeResultsDirectory="7ce9a847-6e93-4ef8-ba6c-800fc0ee1574">
    </UnitTestResult>
    <UnitTestResult executionId="9113398d-dc87-4c97-9685-1e8665c01d13" testId="05db7b65-e27e-f630-133f-eae1a4597814" testName="ModificarTest" computerName="CESAR" duration="00:00:42.5500703" startTime="2013-11-26T21:21:54.7298243-05:00" endTime="2013-11-26T21:22:37.2915116-05:00" testType="13cdc9d9-ddb5-4fa4-a97d-d965ccfc6d4b" outcome="Passed" testListId="8c84fa94-04c1-424b-9868-57a2d4851a1d" relativeResultsDirectory="9113398d-dc87-4c97-9685-1e8665c01d13">
    </UnitTestResult>
    <UnitTestResult executionId="75c52af0-e8a5-4393-9fb5-f5e228f6bec2" testId="f9337281-e2fa-1488-2cd7-4d0b79147013" testName="EliminarTest" computerName="CESAR" duration="00:00:00.0004056" startTime="2013-11-26T21:22:37.3195302-05:00" endTime="2013-11-26T21:22:37.3315456-05:00" testType="13cdc9d9-ddb5-4fa4-a97d-d965ccfc6d4b" outcome="Passed" testListId="8c84fa94-04c1-424b-9868-57a2d4851a1d" relativeResultsDirectory="75c52af0-e8a5-4393-9fb5-f5e228f6bec2">
    </UnitTestResult>
  </Results>
</TestRun>