<?xml version="1.0" encoding="UTF-8"?>
<TestRun id="3502ca6e-16fc-4fe8-95bd-f987f9e35242" name="César@CESAR 2013-11-26 16:34:24" runUser="CESAR\César" xmlns="http://microsoft.com/schemas/VisualStudio/TeamTest/2010">
  <TestSettings name="Default Test Settings" id="fd65278b-6587-40b5-ad59-c2b7d7b767bf">
    <Deployment runDeploymentRoot="César_CESAR 2013-11-26 16_34_24">
      <DeploymentItem filename="D:\GoogleCode\SGI 1.0\Aplicacion\Source\Business Layer\GestionInmobiliaria.BusinessEntity\bin\Debug\GestionInmobiliaria.BusinessEntity.dll" />
    </Deployment>
    <Execution>
      <TestTypeSpecific />
      <AgentRule name="Execution Agents">
      </AgentRule>
    </Execution>
  </TestSettings>
  <Times creation="2013-11-26T16:34:24.0595470-05:00" queuing="2013-11-26T16:34:28.5053179-05:00" start="2013-11-26T16:34:28.6073607-05:00" finish="2013-11-26T16:34:29.4600761-05:00" />
  <ResultSummary outcome="Failed">
    <Counters total="1" executed="1" error="0" failed="1" timeout="0" aborted="0" inconclusive="0" passedButRunAborted="0" notRunnable="0" notExecuted="0" disconnected="0" warning="0" passed="0" completed="0" inProgress="0" pending="0" />
  </ResultSummary>
  <TestDefinitions>
    <UnitTest name="ListarTest" storage="d:\googlecode\sgi 1.0\aplicacion\source\tests\gestioninmobiliaria.restservices.tests\bin\debug\gestioninmobiliaria.restservices.tests.dll" id="a88f4359-31e9-44b9-4105-93cc20451916">
      <Execution id="136f4b8c-411b-4a27-b168-9519a0fc58d6" />
      <TestMethod codeBase="D:/GoogleCode/SGI 1.0/Aplicacion/Source/Tests/GestionInmobiliaria.RESTServices.Tests/bin/Debug/GestionInmobiliaria.RESTServices.Tests.DLL" adapterTypeName="Microsoft.VisualStudio.TestTools.TestTypes.Unit.UnitTestAdapter, Microsoft.VisualStudio.QualityTools.Tips.UnitTest.Adapter, Version=10.0.0.0, Culture=neutral, PublicKeyToken=b03f5f7f11d50a3a" className="GestionInmobiliaria.RESTServices.Tests.UnidadInmobiliariasTest, GestionInmobiliaria.RESTServices.Tests, Version=1.0.0.0, Culture=neutral, PublicKeyToken=null" name="ListarTest" />
    </UnitTest>
  </TestDefinitions>
  <TestLists>
    <TestList name="Results Not in a List" id="8c84fa94-04c1-424b-9868-57a2d4851a1d" />
    <TestList name="All Loaded Results" id="19431567-8539-422a-85d7-44ee4e166bda" />
  </TestLists>
  <TestEntries>
    <TestEntry testId="a88f4359-31e9-44b9-4105-93cc20451916" executionId="136f4b8c-411b-4a27-b168-9519a0fc58d6" testListId="8c84fa94-04c1-424b-9868-57a2d4851a1d" />
  </TestEntries>
  <Results>
    <UnitTestResult executionId="136f4b8c-411b-4a27-b168-9519a0fc58d6" testId="a88f4359-31e9-44b9-4105-93cc20451916" testName="ListarTest" computerName="CESAR" duration="00:00:00.2405844" startTime="2013-11-26T16:34:28.6874278-05:00" endTime="2013-11-26T16:34:29.3629966-05:00" testType="13cdc9d9-ddb5-4fa4-a97d-d965ccfc6d4b" outcome="Failed" testListId="8c84fa94-04c1-424b-9868-57a2d4851a1d" relativeResultsDirectory="136f4b8c-411b-4a27-b168-9519a0fc58d6">
      <Output>
        <ErrorInfo>
          <Message>Test method GestionInmobiliaria.RESTServices.Tests.UnidadInmobiliariasTest.ListarTest threw exception: 
System.Net.WebException: Error en el servidor remoto: (400) Solicitud incorrecta.</Message>
          <StackTrace>    en System.Net.HttpWebRequest.GetResponse()
   en GestionInmobiliaria.RESTServices.Tests.UnidadInmobiliariasTest.ListarTest() en D:\GoogleCode\SGI 1.0\Aplicacion\Source\Tests\GestionInmobiliaria.RESTServices.Tests\UnidadInmobiliariasTest.cs:línea 23
</StackTrace>
        </ErrorInfo>
      </Output>
    </UnitTestResult>
  </Results>
</TestRun>